20231101	09:08:53	e2dd1b33-8e9f-4856-803d-0df882fcff4a	GET	/	undefined
20231101	09:09:11	e520e828-15b0-4d45-9db6-d585f0f2f78b	GET	/dave	undefined
20231101	09:09:14	e5cdaa58-d3fe-4eef-b614-c4a4c09ca127	GET	/dave	undefined
20231101	09:12:54	57791794-8abd-462b-b54e-fc86791e13a9	GET	/	undefined
20231101	09:22:22	fa4b9f2a-ed26-4713-b3d3-1d49f9680a9d	GET	/	undefined
20231101	16:15:42	01afaceb-ecf0-4628-9e56-cf907533207b	GET	/	undefined
20231101	16:15:42	75e603ba-95d9-4458-968a-9bc90a6434ad	GET	/favicon.ico	undefined
20231101	16:20:39	e4a9b307-fe37-4247-8feb-8d8d73fdadab	GET	/	undefined
20231101	16:27:36	af7ec620-65f1-46d2-875c-7dcb58f1cf85	GET	/	undefined
20231101	16:27:40	04443863-92f0-44bb-ae01-0aaf77a24b3e	GET	/dave	undefined
20231101	16:31:47	a6f95ff9-e195-43cf-8cc2-8fe0702aa15d	GET	/	undefined
20231101	16:31:47	7a798b4a-87d5-40cb-9872-f5cde9430c8a	GET	/	undefined
20231101	16:35:34	9154bcc7-0bfd-4060-9e1a-aa0159765f8a	GET	/	undefined
20231101	16:35:36	94527924-80a1-496c-be87-daef21003e37	GET	/	undefined
20231101	16:36:14	60f0fddb-11c4-47c7-a18b-45e723f880c3	GET	/	undefined
20231101	16:36:15	63141eb2-460c-478f-b465-1ddd98bba7e2	GET	/	undefined
20231101	16:38:29	7999792b-f60e-4825-aac3-eab47e7f072b	GET	/	undefined
20231101	16:38:35	39e8616f-6f12-4509-bd67-c398c8a81319	GET	/hello	undefined
20231101	16:57:06	262d4772-58ab-43a0-a9f0-401fec9e01ed	GET	/	undefined
20231101	16:57:06	54b8e088-5922-4492-9188-1298eacc2727	GET	/css/style.css	undefined
20231101	16:57:07	b4ea4b8d-2880-4238-aa3c-3d9354650a1a	GET	/	undefined
20231101	16:57:07	dd649d3b-f497-4b8a-9c81-89538b811781	GET	/css/style.css	undefined
20231101	16:58:23	143b5907-207b-490f-a5e3-f81c4b26167d	GET	/	undefined
20231101	16:58:23	6528a321-8f6d-482f-a8ef-95041491901c	GET	/css/style.css	undefined
20231101	16:58:27	a6573ec3-a9b2-4966-8931-3a1bbb8521a5	GET	/omg	undefined
20231101	16:58:27	30b28741-dc9c-411f-8a63-3e5d967d26fd	GET	/css/style.css	undefined
20231101	17:01:02	12d3f869-a340-4bff-ba2c-56a8c41816e7	GET	/omg	undefined
20231101	17:01:02	ed15106e-0156-4542-a83b-d7fc3fa3032a	GET	/css/style.css	undefined
20231101	17:01:04	1ef616a9-a4a1-4b62-b613-50bb7f4c9445	GET	/	undefined
20231101	17:01:04	d4ab078c-1e87-4fc3-a65c-8d9edcee9421	GET	/css/style.css	undefined
20231101	17:02:46	874b65be-dd18-43db-9124-84f8378c8b06	GET	/testerror	undefined
20231101	17:03:02	11a5ff92-4ccc-40d7-84ba-24e6f0edc697	GET	/testError	undefined
20231101	17:04:22	2dfe2d5e-536f-40d5-837a-a92005d61687	GET	/testError	undefined
20231101	17:13:49	dc8758e5-5489-4be9-8372-8be49e97a956	GET	/testError	undefined
20231101	17:17:22	abc25dbf-d720-4021-a032-3af9b61fd96d	GET	/favicon.ico	undefined
20231101	17:18:04	5981a965-8b08-4b8d-94dd-ba1391746c32	GET	/testError	undefined
20231101	17:18:32	c74f02b1-f9cc-41b7-8c48-cd58b1cb3b85	GET	/hola	undefined
20231102	17:49:34	d94fb25b-1d77-4b92-90c2-7689e9c3db19	GET	/dave	undefined
20231102	17:49:37	c951b514-5501-444a-8d40-5a88c8473512	GET	/dave	undefined
20231102	17:49:55	e7929aa8-ff7c-4cc1-8dc2-52d66c1e3b1d	GET	/igk	undefined
20231102	17:54:03	b81f233c-b913-4455-af0f-d7a2db2c1c2b	GET	/hola	undefined
20231102	17:54:55	e2b61374-d8bb-48f0-8f25-a651491a3a6d	GET	/hola	undefined
20231102	17:54:56	0b9945d7-69bd-4719-8062-b2d16bd832d7	GET	/hola	undefined
20231102	17:55:31	bd092760-290a-4f4d-aafa-cf7cdc2e2f12	GET	/hola	undefined
20231102	17:58:23	07af3c6a-a00e-45de-9dc5-8bc4cb26250e	GET	/auth/login	http://localhost:5173
20231102	18:04:09	38d9f7b4-ae28-4123-a440-988fef9638c5	GET	/igk	undefined
20231102	18:04:15	917c9861-d2bf-40dc-99ed-81987fd31f3a	GET	/	undefined
20231102	18:04:18	f280c6f7-865e-4607-9d91-c50a3378fa79	GET	/	undefined
20231102	18:08:49	ee1a7232-a763-488e-b584-f4b331529c13	GET	/	undefined
20231102	18:09:17	6835b1b4-2e19-4cd3-8a06-55dcda91fa3a	GET	/	undefined
20231102	18:09:29	fe583cb9-259c-4413-b151-d4aad766c6da	GET	/	undefined
20231102	18:19:05	659f5758-28ba-4a16-a43f-0a47517fdcb4	GET	/	undefined
20231102	18:19:06	3b6a5f64-d0c8-42f5-b9ca-dd7fad76f5c6	GET	/	undefined
